1) Media do numero de palavras por review: 0.0
2) Media do numero de paragrafos por review: 5.0
3) Maior palavra: defintivamene
4) Menor palavra: a
1) Media do numero de palavras por review: 0.0
2) Media do numero de paragrafos por review: 5.0
3) Maior palavra: eleganemene
4) Menor palavra: n
1) Media do numero de palavras por review: 0.0
2) Media do numero de paragrafos por review: 2.0
3) Maior palavra: sofisticados
4) Menor palavra: o
1) Media do numero de palavras por review: 0.0
2) Media do numero de paragrafos por review: 3.0
3) Maior palavra: cuidadosamene
4) Menor palavra: o
1) Media do numero de palavras por review: 0.0
2) Media do numero de paragrafos por review: 7.0
3) Maior palavra: verdadeiramene
4) Menor palavra: n
